<?xml version="1.0" encoding="UTF-8"?>
<testng-results ignored="0" total="1" passed="1" failed="0" skipped="0">
  <reporter-output>
  </reporter-output>
  <suite started-at="2021-05-15T10:42:00 IST" name="Default suite" finished-at="2021-05-15T10:42:00 IST" duration-ms="92">
    <groups>
    </groups>
    <test started-at="2021-05-15T10:42:00 IST" name="Default test" finished-at="2021-05-15T10:42:00 IST" duration-ms="92">
      <class name="QualitykioskTraining.APICICDDemo.TestDivision">
        <test-method is-config="true" signature="CreateObj()[pri:0, instance:QualitykioskTraining.APICICDDemo.TestDivision@55f616cf]" started-at="2021-05-15T10:42:00 IST" name="CreateObj" finished-at="2021-05-15T10:42:00 IST" duration-ms="19" status="PASS">
          <reporter-output>
          </reporter-output>
        </test-method> <!-- CreateObj -->
        <test-method is-config="true" signature="InitialiseRes()[pri:0, instance:QualitykioskTraining.APICICDDemo.TestDivision@55f616cf]" started-at="2021-05-15T10:42:00 IST" name="InitialiseRes" finished-at="2021-05-15T10:42:00 IST" duration-ms="1" status="PASS">
          <reporter-output>
          </reporter-output>
        </test-method> <!-- InitialiseRes -->
        <test-method signature="TestdivisionWithPositive()[pri:1, instance:QualitykioskTraining.APICICDDemo.TestDivision@55f616cf]" started-at="2021-05-15T10:42:00 IST" name="TestdivisionWithPositive" finished-at="2021-05-15T10:42:00 IST" duration-ms="12" status="PASS">
          <reporter-output>
          </reporter-output>
        </test-method> <!-- TestdivisionWithPositive -->
      </class> <!-- QualitykioskTraining.APICICDDemo.TestDivision -->
    </test> <!-- Default test -->
  </suite> <!-- Default suite -->
</testng-results>
