<?xml version="1.0" encoding="UTF-8"?>
<testng-results ignored="0" total="1" passed="1" failed="0" skipped="0">
  <reporter-output>
  </reporter-output>
  <suite started-at="2021-05-15T13:46:21 IST" name="Default suite" finished-at="2021-05-15T13:46:21 IST" duration-ms="88">
    <groups>
    </groups>
    <test started-at="2021-05-15T13:46:21 IST" name="Default test" finished-at="2021-05-15T13:46:21 IST" duration-ms="88">
      <class name="QualitykioskTraining.APICICDDemo.TestSubtraction">
        <test-method is-config="true" signature="Init()[pri:0, instance:QualitykioskTraining.APICICDDemo.TestSubtraction@46fa7c39]" started-at="2021-05-15T13:46:21 IST" name="Init" finished-at="2021-05-15T13:46:21 IST" duration-ms="14" status="PASS">
          <reporter-output>
          </reporter-output>
        </test-method> <!-- Init -->
        <test-method is-config="true" signature="ReinitialiseResultVar()[pri:0, instance:QualitykioskTraining.APICICDDemo.TestSubtraction@46fa7c39]" started-at="2021-05-15T13:46:21 IST" name="ReinitialiseResultVar" finished-at="2021-05-15T13:46:21 IST" duration-ms="0" status="PASS">
          <reporter-output>
          </reporter-output>
        </test-method> <!-- ReinitialiseResultVar -->
        <test-method signature="TestSubtractionWithPositiveNumbers()[pri:1, instance:QualitykioskTraining.APICICDDemo.TestSubtraction@46fa7c39]" started-at="2021-05-15T13:46:21 IST" name="TestSubtractionWithPositiveNumbers" finished-at="2021-05-15T13:46:21 IST" duration-ms="11" status="PASS">
          <reporter-output>
          </reporter-output>
        </test-method> <!-- TestSubtractionWithPositiveNumbers -->
      </class> <!-- QualitykioskTraining.APICICDDemo.TestSubtraction -->
    </test> <!-- Default test -->
  </suite> <!-- Default suite -->
</testng-results>
